<?xml version="1.0" encoding="UTF-8"?>
<!-- Generated by org.testng.reporters.JUnitXMLReporter -->
<testsuite hostname="Ravneets-MacBook-Pro.local" name="GAPTestCases" tests="8" failures="0" timestamp="31 Jan 2020 09:47:20 GMT" time="87.987" errors="0">
  <testcase name="submitApp on [TC_001_PositiveFlow passed=0 failed=0 skipped=0]" time="16.402" classname="com.npw.testscripts.gap.TC_001_PositiveFlow"/>
  <testcase name="getAllValidationsStepTwo on [TC_002_KnowYouBetterPage_Validations_InvalidValuesEntered passed=0 failed=0 skipped=0]" time="5.283" classname="com.npw.testscripts.gap.TC_002_KnowYouBetterPage_Validations_InvalidValuesEntered"/>
  <testcase name="getAllValidationsFromGreatDecisionPage on [TC_003_GreatDecisionPage_Validations_INvalidValuesEntered passed=0 failed=0 skipped=0]" time="2.711" classname="com.npw.testscripts.gap.TC_003_GreatDecisionPage_Validations_INvalidValuesEntered"/>
  <testcase name="GetAllDetailsFromResidentialPage on [TC_004_ResidentialAddressPage_Validations_InvalidValuesEntered passed=0 failed=0 skipped=0]" time="8.594" classname="com.npw.testscripts.gap.TC_004_ResidentialAddressPage_Validations_InvalidValuesEntered"/>
  <testcase name="getAllValidationsFromGreatDecisionPage on [TC_005_GreatDecisionPage_Validations_WithBlankTextFields passed=0 failed=0 skipped=0]" time="2.259" classname="com.npw.testscripts.gap.TC_005_GreatDecisionPage_Validations_WithBlankTextFields"/>
  <testcase name="getAllValidationsFromKNowYouBetterPage on [TC_006_KnowYouBetterPage_Validations_WithBlankTextFields passed=0 failed=0 skipped=0]" time="5.64" classname="com.npw.testscripts.gap.TC_006_KnowYouBetterPage_Validations_WithBlankTextFields"/>
  <testcase name="GetAllDetailsFromResidentialPage on [TC_007_MedicalAidPage_Validations_InvalidValuesEntered passed=0 failed=0 skipped=0]" time="11.989" classname="com.npw.testscripts.gap.TC_007_MedicalAidPage_Validations_InvalidValuesEntered"/>
  <testcase name="GetAllDetailsFromResidentialPage on [TC_008_MedicalAidPage_Validations_WithBlankTextFields passed=0 failed=0 skipped=0]" time="12.6" classname="com.npw.testscripts.gap.TC_008_MedicalAidPage_Validations_WithBlankTextFields"/>
</testsuite> <!-- GAPTestCases -->
