<?xml version="1.0" encoding="UTF-8"?>
<!-- Generated by org.testng.reporters.JUnitXMLReporter -->
<testsuite hostname="Ravneets-MacBook-Pro.local" name="Default test" tests="1" failures="0" timestamp="31 Jan 2020 11:28:06 GMT" time="19.752" errors="0">
  <testcase name="GetAllDetailsFromResidentialPage on [TC_010_PaymentPage_Validations_WithBlankTextFields passed=0 failed=0 skipped=0]" time="14.51" classname="com.npw.testscripts.gap.TC_010_PaymentPage_Validations_WithBlankTextFields"/>
</testsuite> <!-- Default test -->
