<?xml version="1.0" encoding="UTF-8"?>
<!-- Generated by org.testng.reporters.JUnitXMLReporter -->
<testsuite hostname="Ravneets-MacBook-Pro.local" name="Default test" tests="4" failures="0" timestamp="16 Jan 2020 19:11:21 GMT" time="44.435" errors="0">
  <testcase name="submitApp on [TC_001 passed=0 failed=0 skipped=0]" time="11.962" classname="com.npw.testscripts.gap.TC_001"/>
  <testcase name="getAllValidationsStepTwo on [TC_002 passed=0 failed=0 skipped=0]" time="4.918" classname="com.npw.testscripts.gap.TC_002"/>
  <testcase name="getAllValidationsFromGreatDecisionPage on [TC_003 passed=0 failed=0 skipped=0]" time="2.558" classname="com.npw.testscripts.gap.TC_003"/>
  <testcase name="GetAllDetailsFromResidentialPage on [TC_004 passed=0 failed=0 skipped=0]" time="6.372" classname="com.npw.testscripts.gap.TC_004"/>
</testsuite> <!-- Default test -->
