<?xml version="1.0" encoding="UTF-8"?>
<testng-results skipped="0" failed="0" total="4" passed="4">
  <reporter-output>
  </reporter-output>
  <suite name="Default suite" duration-ms="44435" started-at="2020-01-16T19:10:32Z" finished-at="2020-01-16T19:11:16Z">
    <groups>
    </groups>
    <test name="Default test" duration-ms="44435" started-at="2020-01-16T19:10:32Z" finished-at="2020-01-16T19:11:16Z">
      <class name="com.npw.testscripts.gap.TC_001">
        <test-method status="PASS" signature="launchBrowser(java.lang.String, java.lang.String, java.lang.String, java.lang.String)[pri:0, instance:[TC_001 passed=0 failed=0 skipped=0]]" name="launchBrowser" is-config="true" duration-ms="5021" started-at="2020-01-16T21:10:32Z" finished-at="2020-01-16T21:10:37Z">
          <params>
            <param index="0">
              <value>
                <![CDATA[ff]]>
              </value>
            </param>
            <param index="1">
              <value>
                <![CDATA[http://oldmutual.co.za]]>
              </value>
            </param>
            <param index="2">
              <value>
                <![CDATA[Admin]]>
              </value>
            </param>
            <param index="3">
              <value>
                <![CDATA[Password1$]]>
              </value>
            </param>
          </params>
          <reporter-output>
          </reporter-output>
        </test-method> <!-- launchBrowser -->
        <test-method status="PASS" signature="submitApp()[pri:0, instance:[TC_001 passed=0 failed=0 skipped=0]]" name="submitApp" duration-ms="11962" started-at="2020-01-16T21:10:37Z" finished-at="2020-01-16T21:10:49Z">
          <reporter-output>
          </reporter-output>
        </test-method> <!-- submitApp -->
        <test-method status="PASS" signature="closeBrowser()[pri:0, instance:[TC_001 passed=0 failed=0 skipped=0]]" name="closeBrowser" is-config="true" duration-ms="188" started-at="2020-01-16T21:10:49Z" finished-at="2020-01-16T21:10:49Z">
          <reporter-output>
          </reporter-output>
        </test-method> <!-- closeBrowser -->
      </class> <!-- com.npw.testscripts.gap.TC_001 -->
      <class name="com.npw.testscripts.gap.TC_002">
        <test-method status="PASS" signature="launchBrowser(java.lang.String, java.lang.String, java.lang.String, java.lang.String)[pri:0, instance:[TC_002 passed=0 failed=0 skipped=0]]" name="launchBrowser" is-config="true" duration-ms="4145" started-at="2020-01-16T21:10:49Z" finished-at="2020-01-16T21:10:53Z">
          <params>
            <param index="0">
              <value>
                <![CDATA[ff]]>
              </value>
            </param>
            <param index="1">
              <value>
                <![CDATA[http://oldmutual.co.za]]>
              </value>
            </param>
            <param index="2">
              <value>
                <![CDATA[Admin]]>
              </value>
            </param>
            <param index="3">
              <value>
                <![CDATA[Password1$]]>
              </value>
            </param>
          </params>
          <reporter-output>
          </reporter-output>
        </test-method> <!-- launchBrowser -->
        <test-method status="PASS" signature="getAllValidationsStepTwo()[pri:0, instance:[TC_002 passed=0 failed=0 skipped=0]]" name="getAllValidationsStepTwo" duration-ms="4918" started-at="2020-01-16T21:10:53Z" finished-at="2020-01-16T21:10:58Z">
          <reporter-output>
          </reporter-output>
        </test-method> <!-- getAllValidationsStepTwo -->
        <test-method status="PASS" signature="closeBrowser()[pri:0, instance:[TC_002 passed=0 failed=0 skipped=0]]" name="closeBrowser" is-config="true" duration-ms="177" started-at="2020-01-16T21:10:58Z" finished-at="2020-01-16T21:10:58Z">
          <reporter-output>
          </reporter-output>
        </test-method> <!-- closeBrowser -->
      </class> <!-- com.npw.testscripts.gap.TC_002 -->
      <class name="com.npw.testscripts.gap.TC_003">
        <test-method status="PASS" signature="launchBrowser(java.lang.String, java.lang.String, java.lang.String, java.lang.String)[pri:0, instance:[TC_003 passed=0 failed=0 skipped=0]]" name="launchBrowser" is-config="true" duration-ms="4527" started-at="2020-01-16T21:10:58Z" finished-at="2020-01-16T21:11:03Z">
          <params>
            <param index="0">
              <value>
                <![CDATA[ff]]>
              </value>
            </param>
            <param index="1">
              <value>
                <![CDATA[http://oldmutual.co.za]]>
              </value>
            </param>
            <param index="2">
              <value>
                <![CDATA[Admin]]>
              </value>
            </param>
            <param index="3">
              <value>
                <![CDATA[Password1$]]>
              </value>
            </param>
          </params>
          <reporter-output>
          </reporter-output>
        </test-method> <!-- launchBrowser -->
        <test-method status="PASS" signature="getAllValidationsFromGreatDecisionPage()[pri:0, instance:[TC_003 passed=0 failed=0 skipped=0]]" name="getAllValidationsFromGreatDecisionPage" duration-ms="2558" started-at="2020-01-16T21:11:03Z" finished-at="2020-01-16T21:11:05Z">
          <reporter-output>
          </reporter-output>
        </test-method> <!-- getAllValidationsFromGreatDecisionPage -->
        <test-method status="PASS" signature="closeBrowser()[pri:0, instance:[TC_003 passed=0 failed=0 skipped=0]]" name="closeBrowser" is-config="true" duration-ms="177" started-at="2020-01-16T21:11:05Z" finished-at="2020-01-16T21:11:05Z">
          <reporter-output>
          </reporter-output>
        </test-method> <!-- closeBrowser -->
      </class> <!-- com.npw.testscripts.gap.TC_003 -->
      <class name="com.npw.testscripts.gap.TC_004">
        <test-method status="PASS" signature="launchBrowser(java.lang.String, java.lang.String, java.lang.String, java.lang.String)[pri:0, instance:[TC_004 passed=0 failed=0 skipped=0]]" name="launchBrowser" is-config="true" duration-ms="4207" started-at="2020-01-16T21:11:05Z" finished-at="2020-01-16T21:11:10Z">
          <params>
            <param index="0">
              <value>
                <![CDATA[ff]]>
              </value>
            </param>
            <param index="1">
              <value>
                <![CDATA[http://oldmutual.co.za]]>
              </value>
            </param>
            <param index="2">
              <value>
                <![CDATA[Admin]]>
              </value>
            </param>
            <param index="3">
              <value>
                <![CDATA[Password1$]]>
              </value>
            </param>
          </params>
          <reporter-output>
          </reporter-output>
        </test-method> <!-- launchBrowser -->
        <test-method status="PASS" signature="GetAllDetailsFromResidentialPage()[pri:0, instance:[TC_004 passed=0 failed=0 skipped=0]]" name="GetAllDetailsFromResidentialPage" duration-ms="6372" started-at="2020-01-16T21:11:10Z" finished-at="2020-01-16T21:11:16Z">
          <reporter-output>
          </reporter-output>
        </test-method> <!-- GetAllDetailsFromResidentialPage -->
        <test-method status="PASS" signature="closeBrowser()[pri:0, instance:[TC_004 passed=0 failed=0 skipped=0]]" name="closeBrowser" is-config="true" duration-ms="173" started-at="2020-01-16T21:11:16Z" finished-at="2020-01-16T21:11:16Z">
          <reporter-output>
          </reporter-output>
        </test-method> <!-- closeBrowser -->
      </class> <!-- com.npw.testscripts.gap.TC_004 -->
    </test> <!-- Default test -->
  </suite> <!-- Default suite -->
</testng-results>
