<?xml version="1.0" encoding="UTF-8"?>
<testng-results skipped="0" failed="0" total="1" passed="1">
  <reporter-output>
  </reporter-output>
  <suite name="Default suite" duration-ms="11501" started-at="2020-01-19T20:44:22Z" finished-at="2020-01-19T20:44:33Z">
    <groups>
    </groups>
    <test name="Default test" duration-ms="11501" started-at="2020-01-19T20:44:22Z" finished-at="2020-01-19T20:44:33Z">
      <class name="com.npw.testscripts.gap.TC_001">
        <test-method status="PASS" signature="launchBrowser(java.lang.String, java.lang.String, java.lang.String, java.lang.String)[pri:0, instance:[TC_001 passed=0 failed=0 skipped=0]]" name="launchBrowser" is-config="true" duration-ms="6259" started-at="2020-01-19T22:44:22Z" finished-at="2020-01-19T22:44:28Z">
          <params>
            <param index="0">
              <value>
                <![CDATA[ff]]>
              </value>
            </param>
            <param index="1">
              <value>
                <![CDATA[http://oldmutual.co.za]]>
              </value>
            </param>
            <param index="2">
              <value>
                <![CDATA[Admin]]>
              </value>
            </param>
            <param index="3">
              <value>
                <![CDATA[Password1$]]>
              </value>
            </param>
          </params>
          <reporter-output>
          </reporter-output>
        </test-method> <!-- launchBrowser -->
        <test-method status="PASS" signature="submitApp()[pri:0, instance:[TC_001 passed=0 failed=0 skipped=0]]" name="submitApp" duration-ms="4995" started-at="2020-01-19T22:44:28Z" finished-at="2020-01-19T22:44:33Z">
          <reporter-output>
          </reporter-output>
        </test-method> <!-- submitApp -->
        <test-method status="PASS" signature="closeBrowser()[pri:0, instance:[TC_001 passed=0 failed=0 skipped=0]]" name="closeBrowser" is-config="true" duration-ms="240" started-at="2020-01-19T22:44:33Z" finished-at="2020-01-19T22:44:33Z">
          <reporter-output>
          </reporter-output>
        </test-method> <!-- closeBrowser -->
      </class> <!-- com.npw.testscripts.gap.TC_001 -->
    </test> <!-- Default test -->
  </suite> <!-- Default suite -->
</testng-results>
